<?xml version="1.0" encoding="UTF-8"?>
<!-- Generated by org.testng.reporters.JUnitXMLReporter -->
<testsuite hostname="DESKTOP-DJT2JR7" failures="0" tests="1" name="Test" time="0.745" errors="0" timestamp="23 Aug 2020 17:07:10 GMT">
  <testcase classname="com.todos.tests.AddTodoTest" name="@BeforeMethod setupTest" time="0.0">
    <failure type="java.lang.IllegalStateException" message="The path to the driver executable must be set by the webdriver.chrome.driver system property; for more information, see https://github.com/SeleniumHQ/selenium/wiki/ChromeDriver. The latest version can be downloaded from http://chromedriver.storage.googleapis.com/index.html">
      <![CDATA[java.lang.IllegalStateException: The path to the driver executable must be set by the webdriver.chrome.driver system property; for more information, see https://github.com/SeleniumHQ/selenium/wiki/ChromeDriver. The latest version can be downloaded from http://chromedriver.storage.googleapis.com/index.html
	at com.google.common.base.Preconditions.checkState(Preconditions.java:197)
	at org.openqa.selenium.remote.service.DriverService.findExecutable(DriverService.java:109)
	at org.openqa.selenium.chrome.ChromeDriverService.access$000(ChromeDriverService.java:32)
	at org.openqa.selenium.chrome.ChromeDriverService$Builder.findDefaultExecutable(ChromeDriverService.java:137)
	at org.openqa.selenium.remote.service.DriverService$Builder.build(DriverService.java:290)
	at org.openqa.selenium.chrome.ChromeDriverService.createDefaultService(ChromeDriverService.java:88)
	at org.openqa.selenium.chrome.ChromeDriver.<init>(ChromeDriver.java:116)
	at com.todos.utils.BasePages.intialization(BasePages.java:31)
	at com.todos.utils.Setup.setupTest(Setup.java:18)
... Removed 26 stack frames]]>
    </failure>
  </testcase> <!-- @BeforeMethod setupTest -->
  <testcase classname="com.todos.tests.AddTodoTest" name="@AfterMethod cleanTest" time="0.0">
    <skipped/>
  </testcase> <!-- @AfterMethod cleanTest -->
  <testcase classname="com.todos.tests.AddTodoTest" name="iCanAddTodo" time="0.019">
    <skipped/>
  </testcase> <!-- iCanAddTodo -->
</testsuite> <!-- Test -->
